-------------------------------------------------------------------------------
Test set: br.com.arenacontrole.TestesUnitariosYuji
-------------------------------------------------------------------------------
Tests run: 18, Failures: 6, Errors: 8, Skipped: 0, Time elapsed: 0.075 s <<< FAILURE! - in br.com.arenacontrole.TestesUnitariosYuji
br.com.arenacontrole.TestesUnitariosYuji.testCT24_ValidacaoCadastroNomeEmBranco  Time elapsed: 0.005 s  <<< FAILURE!
org.opentest4j.AssertionFailedError: Unexpected exception type thrown, expected: <java.lang.IllegalArgumentException> but was: <java.lang.NullPointerException>
	at org.junit.jupiter.api.AssertionFailureBuilder.build(AssertionFailureBuilder.java:151)
	at org.junit.jupiter.api.AssertThrows.assertThrows(AssertThrows.java:67)
	at org.junit.jupiter.api.AssertThrows.assertThrows(AssertThrows.java:35)
	at org.junit.jupiter.api.Assertions.assertThrows(Assertions.java:3115)
	at br.com.arenacontrole.TestesUnitariosYuji.testCT24_ValidacaoCadastroNomeEmBranco(TestesUnitariosYuji.java:142)
	at java.base/java.lang.reflect.Method.invoke(Method.java:580)
	at java.base/java.util.ArrayList.forEach(ArrayList.java:1597)
	at java.base/java.util.ArrayList.forEach(ArrayList.java:1597)
Caused by: java.lang.NullPointerException: Cannot invoke "java.util.List.stream()" because "this.times" is null
	at br.com.arenacontrole.Campeonato.cadastrarTime(Campeonato.java:44)
	at br.com.arenacontrole.TestesUnitariosYuji.lambda$testCT24_ValidacaoCadastroNomeEmBranco$3(TestesUnitariosYuji.java:143)
	at org.junit.jupiter.api.AssertThrows.assertThrows(AssertThrows.java:53)
	... 6 more

br.com.arenacontrole.TestesUnitariosYuji.testValidacaoCadastroAbreviaturaVazia  Time elapsed: 0.004 s  <<< FAILURE!
org.opentest4j.AssertionFailedError: Unexpected exception type thrown, expected: <java.lang.IllegalArgumentException> but was: <java.lang.NullPointerException>
	at org.junit.jupiter.api.AssertionFailureBuilder.build(AssertionFailureBuilder.java:151)
	at org.junit.jupiter.api.AssertThrows.assertThrows(AssertThrows.java:67)
	at org.junit.jupiter.api.AssertThrows.assertThrows(AssertThrows.java:35)
	at org.junit.jupiter.api.Assertions.assertThrows(Assertions.java:3115)
	at br.com.arenacontrole.TestesUnitariosYuji.testValidacaoCadastroAbreviaturaVazia(TestesUnitariosYuji.java:363)
	at java.base/java.lang.reflect.Method.invoke(Method.java:580)
	at java.base/java.util.ArrayList.forEach(ArrayList.java:1597)
	at java.base/java.util.ArrayList.forEach(ArrayList.java:1597)
Caused by: java.lang.NullPointerException: Cannot invoke "java.util.List.stream()" because "this.times" is null
	at br.com.arenacontrole.Campeonato.cadastrarTime(Campeonato.java:44)
	at br.com.arenacontrole.TestesUnitariosYuji.lambda$testValidacaoCadastroAbreviaturaVazia$10(TestesUnitariosYuji.java:364)
	at org.junit.jupiter.api.AssertThrows.assertThrows(AssertThrows.java:53)
	... 6 more

br.com.arenacontrole.TestesUnitariosYuji.testCT23_BloqueioTimesDuplicados  Time elapsed: 0.002 s  <<< ERROR!
java.lang.NullPointerException: Cannot invoke "java.util.List.stream()" because "this.times" is null
	at br.com.arenacontrole.Campeonato.cadastrarTime(Campeonato.java:44)
	at br.com.arenacontrole.TestesUnitariosYuji.testCT23_BloqueioTimesDuplicados(TestesUnitariosYuji.java:109)
	at java.base/java.lang.reflect.Method.invoke(Method.java:580)
	at java.base/java.util.ArrayList.forEach(ArrayList.java:1597)
	at java.base/java.util.ArrayList.forEach(ArrayList.java:1597)

br.com.arenacontrole.TestesUnitariosYuji.testCT21_BloqueioPlacarNegativoGolsPro  Time elapsed: 0.002 s  <<< ERROR!
java.lang.NullPointerException: Cannot invoke "java.util.List.stream()" because "this.times" is null
	at br.com.arenacontrole.Campeonato.cadastrarTime(Campeonato.java:44)
	at br.com.arenacontrole.TestesUnitariosYuji.testCT21_BloqueioPlacarNegativoGolsPro(TestesUnitariosYuji.java:45)
	at java.base/java.lang.reflect.Method.invoke(Method.java:580)
	at java.base/java.util.ArrayList.forEach(ArrayList.java:1597)
	at java.base/java.util.ArrayList.forEach(ArrayList.java:1597)

br.com.arenacontrole.TestesUnitariosYuji.testCadastroValidoSucesso  Time elapsed: 0.003 s  <<< ERROR!
java.lang.NullPointerException: Cannot invoke "java.util.List.stream()" because "this.times" is null
	at br.com.arenacontrole.Campeonato.cadastrarTime(Campeonato.java:44)
	at br.com.arenacontrole.TestesUnitariosYuji.testCadastroValidoSucesso(TestesUnitariosYuji.java:376)
	at java.base/java.lang.reflect.Method.invoke(Method.java:580)
	at java.base/java.util.ArrayList.forEach(ArrayList.java:1597)
	at java.base/java.util.ArrayList.forEach(ArrayList.java:1597)

br.com.arenacontrole.TestesUnitariosYuji.testRegistroValidoPartida  Time elapsed: 0.002 s  <<< ERROR!
java.lang.NullPointerException: Cannot invoke "java.util.List.stream()" because "this.times" is null
	at br.com.arenacontrole.Campeonato.cadastrarTime(Campeonato.java:44)
	at br.com.arenacontrole.TestesUnitariosYuji.testRegistroValidoPartida(TestesUnitariosYuji.java:396)
	at java.base/java.lang.reflect.Method.invoke(Method.java:580)
	at java.base/java.util.ArrayList.forEach(ArrayList.java:1597)
	at java.base/java.util.ArrayList.forEach(ArrayList.java:1597)

br.com.arenacontrole.TestesUnitariosYuji.testCT29_BloqueioCadastroNoMeioComentario  Time elapsed: 0.001 s  <<< ERROR!
java.lang.NullPointerException: Cannot invoke "java.util.List.stream()" because "this.times" is null
	at br.com.arenacontrole.Campeonato.cadastrarTime(Campeonato.java:44)
	at br.com.arenacontrole.TestesUnitariosYuji.testCT29_BloqueioCadastroNoMeioComentario(TestesUnitariosYuji.java:264)
	at java.base/java.lang.reflect.Method.invoke(Method.java:580)
	at java.base/java.util.ArrayList.forEach(ArrayList.java:1597)
	at java.base/java.util.ArrayList.forEach(ArrayList.java:1597)

br.com.arenacontrole.TestesUnitariosYuji.testBloqueioGolsContraNegativos  Time elapsed: 0.002 s  <<< ERROR!
java.lang.NullPointerException: Cannot invoke "java.util.List.stream()" because "this.times" is null
	at br.com.arenacontrole.Campeonato.cadastrarTime(Campeonato.java:44)
	at br.com.arenacontrole.TestesUnitariosYuji.testBloqueioGolsContraNegativos(TestesUnitariosYuji.java:321)
	at java.base/java.lang.reflect.Method.invoke(Method.java:580)
	at java.base/java.util.ArrayList.forEach(ArrayList.java:1597)
	at java.base/java.util.ArrayList.forEach(ArrayList.java:1597)

br.com.arenacontrole.TestesUnitariosYuji.testCT28_ValidacaoCadastroAbreviaturaComEspaco  Time elapsed: 0.002 s  <<< FAILURE!
org.opentest4j.AssertionFailedError: Unexpected exception type thrown, expected: <java.lang.IllegalArgumentException> but was: <java.lang.NullPointerException>
	at org.junit.jupiter.api.AssertionFailureBuilder.build(AssertionFailureBuilder.java:151)
	at org.junit.jupiter.api.AssertThrows.assertThrows(AssertThrows.java:67)
	at org.junit.jupiter.api.AssertThrows.assertThrows(AssertThrows.java:35)
	at org.junit.jupiter.api.Assertions.assertThrows(Assertions.java:3115)
	at br.com.arenacontrole.TestesUnitariosYuji.testCT28_ValidacaoCadastroAbreviaturaComEspaco(TestesUnitariosYuji.java:240)
	at java.base/java.lang.reflect.Method.invoke(Method.java:580)
	at java.base/java.util.ArrayList.forEach(ArrayList.java:1597)
	at java.base/java.util.ArrayList.forEach(ArrayList.java:1597)
Caused by: java.lang.NullPointerException: Cannot invoke "java.util.List.stream()" because "this.times" is null
	at br.com.arenacontrole.Campeonato.cadastrarTime(Campeonato.java:44)
	at br.com.arenacontrole.TestesUnitariosYuji.lambda$testCT28_ValidacaoCadastroAbreviaturaComEspaco$5(TestesUnitariosYuji.java:241)
	at org.junit.jupiter.api.AssertThrows.assertThrows(AssertThrows.java:53)
	... 6 more

br.com.arenacontrole.TestesUnitariosYuji.testCT22_BloqueioPlacarNegativoCartoesAmarelos  Time elapsed: 0.002 s  <<< ERROR!
java.lang.NullPointerException: Cannot invoke "java.util.List.stream()" because "this.times" is null
	at br.com.arenacontrole.Campeonato.cadastrarTime(Campeonato.java:44)
	at br.com.arenacontrole.TestesUnitariosYuji.testCT22_BloqueioPlacarNegativoCartoesAmarelos(TestesUnitariosYuji.java:75)
	at java.base/java.lang.reflect.Method.invoke(Method.java:580)
	at java.base/java.util.ArrayList.forEach(ArrayList.java:1597)
	at java.base/java.util.ArrayList.forEach(ArrayList.java:1597)

br.com.arenacontrole.TestesUnitariosYuji.testValidacaoCadastroNomeApenasEspacos  Time elapsed: 0.003 s  <<< FAILURE!
org.opentest4j.AssertionFailedError: Unexpected exception type thrown, expected: <java.lang.IllegalArgumentException> but was: <java.lang.NullPointerException>
	at org.junit.jupiter.api.AssertionFailureBuilder.build(AssertionFailureBuilder.java:151)
	at org.junit.jupiter.api.AssertThrows.assertThrows(AssertThrows.java:67)
	at org.junit.jupiter.api.AssertThrows.assertThrows(AssertThrows.java:35)
	at org.junit.jupiter.api.Assertions.assertThrows(Assertions.java:3115)
	at br.com.arenacontrole.TestesUnitariosYuji.testValidacaoCadastroNomeApenasEspacos(TestesUnitariosYuji.java:160)
	at java.base/java.lang.reflect.Method.invoke(Method.java:580)
	at java.base/java.util.ArrayList.forEach(ArrayList.java:1597)
	at java.base/java.util.ArrayList.forEach(ArrayList.java:1597)
Caused by: java.lang.NullPointerException: Cannot invoke "java.util.List.stream()" because "this.times" is null
	at br.com.arenacontrole.Campeonato.cadastrarTime(Campeonato.java:44)
	at br.com.arenacontrole.TestesUnitariosYuji.lambda$testValidacaoCadastroNomeApenasEspacos$4(TestesUnitariosYuji.java:161)
	at org.junit.jupiter.api.AssertThrows.assertThrows(AssertThrows.java:53)
	... 6 more

br.com.arenacontrole.TestesUnitariosYuji.testBloqueioCartoesVermelhosNegativos  Time elapsed: 0.002 s  <<< ERROR!
java.lang.NullPointerException: Cannot invoke "java.util.List.stream()" because "this.times" is null
	at br.com.arenacontrole.Campeonato.cadastrarTime(Campeonato.java:44)
	at br.com.arenacontrole.TestesUnitariosYuji.testBloqueioCartoesVermelhosNegativos(TestesUnitariosYuji.java:301)
	at java.base/java.lang.reflect.Method.invoke(Method.java:580)
	at java.base/java.util.ArrayList.forEach(ArrayList.java:1597)
	at java.base/java.util.ArrayList.forEach(ArrayList.java:1597)

br.com.arenacontrole.TestesUnitariosYuji.testValidacaoCadastroAbreviaturaNull  Time elapsed: 0.004 s  <<< FAILURE!
org.opentest4j.AssertionFailedError: Unexpected exception type thrown, expected: <java.lang.IllegalArgumentException> but was: <java.lang.NullPointerException>
	at org.junit.jupiter.api.AssertionFailureBuilder.build(AssertionFailureBuilder.java:151)
	at org.junit.jupiter.api.AssertThrows.assertThrows(AssertThrows.java:67)
	at org.junit.jupiter.api.AssertThrows.assertThrows(AssertThrows.java:35)
	at org.junit.jupiter.api.Assertions.assertThrows(Assertions.java:3115)
	at br.com.arenacontrole.TestesUnitariosYuji.testValidacaoCadastroAbreviaturaNull(TestesUnitariosYuji.java:351)
	at java.base/java.lang.reflect.Method.invoke(Method.java:580)
	at java.base/java.util.ArrayList.forEach(ArrayList.java:1597)
	at java.base/java.util.ArrayList.forEach(ArrayList.java:1597)
Caused by: java.lang.NullPointerException: Cannot invoke "java.util.List.stream()" because "this.times" is null
	at br.com.arenacontrole.Campeonato.cadastrarTime(Campeonato.java:44)
	at br.com.arenacontrole.TestesUnitariosYuji.lambda$testValidacaoCadastroAbreviaturaNull$9(TestesUnitariosYuji.java:352)
	at org.junit.jupiter.api.AssertThrows.assertThrows(AssertThrows.java:53)
	... 6 more

br.com.arenacontrole.TestesUnitariosYuji.testValidacaoCadastroNomeNull  Time elapsed: 0.004 s  <<< FAILURE!
org.opentest4j.AssertionFailedError: Unexpected exception type thrown, expected: <java.lang.IllegalArgumentException> but was: <java.lang.NullPointerException>
	at org.junit.jupiter.api.AssertionFailureBuilder.build(AssertionFailureBuilder.java:151)
	at org.junit.jupiter.api.AssertThrows.assertThrows(AssertThrows.java:67)
	at org.junit.jupiter.api.AssertThrows.assertThrows(AssertThrows.java:35)
	at org.junit.jupiter.api.Assertions.assertThrows(Assertions.java:3115)
	at br.com.arenacontrole.TestesUnitariosYuji.testValidacaoCadastroNomeNull(TestesUnitariosYuji.java:339)
	at java.base/java.lang.reflect.Method.invoke(Method.java:580)
	at java.base/java.util.ArrayList.forEach(ArrayList.java:1597)
	at java.base/java.util.ArrayList.forEach(ArrayList.java:1597)
Caused by: java.lang.NullPointerException: Cannot invoke "java.util.List.stream()" because "this.times" is null
	at br.com.arenacontrole.Campeonato.cadastrarTime(Campeonato.java:44)
	at br.com.arenacontrole.TestesUnitariosYuji.lambda$testValidacaoCadastroNomeNull$8(TestesUnitariosYuji.java:340)
	at org.junit.jupiter.api.AssertThrows.assertThrows(AssertThrows.java:53)
	... 6 more

