<?xml version="1.0" encoding="UTF-8"?>
<testsuite xmlns:xsi="http://www.w3.org/2001/XMLSchema-instance" xsi:noNamespaceSchemaLocation="https://maven.apache.org/surefire/maven-surefire-plugin/xsd/surefire-test-report-3.0.xsd" version="3.0" name="br.com.arenacontrole.TestesUnitariosYuji" time="0.075" tests="18" errors="8" skipped="0" failures="6">
  <properties>
[...]
</properties>
  <testcase name="testCT24_ValidacaoCadastroNomeEmBranco" classname="br.com.arenacontrole.TestesUnitariosYuji" time="0.005">
    <failure message="Unexpected exception type thrown, expected: &lt;java.lang.IllegalArgumentException&gt; but was: &lt;java.lang.NullPointerException&gt;" type="org.opentest4j.AssertionFailedError"><![CDATA[org.opentest4j.AssertionFailedError: Unexpected exception type thrown, expected: <java.lang.IllegalArgumentException> but was: <java.lang.NullPointerException>
	at org.junit.jupiter.api.AssertionFailureBuilder.build(AssertionFailureBuilder.java:151)
	at org.junit.jupiter.api.AssertThrows.assertThrows(AssertThrows.java:67)
	at org.junit.jupiter.api.AssertThrows.assertThrows(AssertThrows.java:35)
	at org.junit.jupiter.api.Assertions.assertThrows(Assertions.java:3115)
	at br.com.arenacontrole.TestesUnitariosYuji.testCT24_ValidacaoCadastroNomeEmBranco(TestesUnitariosYuji.java:142)
	at java.base/java.lang.reflect.Method.invoke(Method.java:580)
	at java.base/java.util.ArrayList.forEach(ArrayList.java:1597)
	at java.base/java.util.ArrayList.forEach(ArrayList.java:1597)
Caused by: java.lang.NullPointerException: Cannot invoke "java.util.List.stream()" because "this.times" is null
	at br.com.arenacontrole.Campeonato.cadastrarTime(Campeonato.java:44)
	at br.com.arenacontrole.TestesUnitariosYuji.lambda$testCT24_ValidacaoCadastroNomeEmBranco$3(TestesUnitariosYuji.java:143)
	at org.junit.jupiter.api.AssertThrows.assertThrows(AssertThrows.java:53)
	... 6 more
]]></failure>
  </testcase>
  <testcase name="testValidacaoCadastroAbreviaturaVazia" classname="br.com.arenacontrole.TestesUnitariosYuji" time="0.004">
    <failure message="Unexpected exception type thrown, expected: &lt;java.lang.IllegalArgumentException&gt; but was: &lt;java.lang.NullPointerException&gt;" type="org.opentest4j.AssertionFailedError"><![CDATA[org.opentest4j.AssertionFailedError: Unexpected exception type thrown, expected: <java.lang.IllegalArgumentException> but was: <java.lang.NullPointerException>
	at org.junit.jupiter.api.AssertionFailureBuilder.build(AssertionFailureBuilder.java:151)
	at org.junit.jupiter.api.AssertThrows.assertThrows(AssertThrows.java:67)
	at org.junit.jupiter.api.AssertThrows.assertThrows(AssertThrows.java:35)
	at org.junit.jupiter.api.Assertions.assertThrows(Assertions.java:3115)
	at br.com.arenacontrole.TestesUnitariosYuji.testValidacaoCadastroAbreviaturaVazia(TestesUnitariosYuji.java:363)
	at java.base/java.lang.reflect.Method.invoke(Method.java:580)
	at java.base/java.util.ArrayList.forEach(ArrayList.java:1597)
	at java.base/java.util.ArrayList.forEach(ArrayList.java:1597)
Caused by: java.lang.NullPointerException: Cannot invoke "java.util.List.stream()" because "this.times" is null
	at br.com.arenacontrole.Campeonato.cadastrarTime(Campeonato.java:44)
	at br.com.arenacontrole.TestesUnitariosYuji.lambda$testValidacaoCadastroAbreviaturaVazia$10(TestesUnitariosYuji.java:364)
	at org.junit.jupiter.api.AssertThrows.assertThrows(AssertThrows.java:53)
	... 6 more
]]></failure>
  </testcase>
  <testcase name="testCT23_BloqueioTimesDuplicados" classname="br.com.arenacontrole.TestesUnitariosYuji" time="0.002">
    <error message="Cannot invoke &quot;java.util.List.stream()&quot; because &quot;this.times&quot; is null" type="java.lang.NullPointerException"><![CDATA[java.lang.NullPointerException: Cannot invoke "java.util.List.stream()" because "this.times" is null
	at br.com.arenacontrole.Campeonato.cadastrarTime(Campeonato.java:44)
	at br.com.arenacontrole.TestesUnitariosYuji.testCT23_BloqueioTimesDuplicados(TestesUnitariosYuji.java:109)
	at java.base/java.lang.reflect.Method.invoke(Method.java:580)
	at java.base/java.util.ArrayList.forEach(ArrayList.java:1597)
	at java.base/java.util.ArrayList.forEach(ArrayList.java:1597)
]]></error>
  </testcase>
  <testcase name="testCT21_BloqueioPlacarNegativoGolsPro" classname="br.com.arenacontrole.TestesUnitariosYuji" time="0.002">
    <error message="Cannot invoke &quot;java.util.List.stream()&quot; because &quot;this.times&quot; is null" type="java.lang.NullPointerException"><![CDATA[java.lang.NullPointerException: Cannot invoke "java.util.List.stream()" because "this.times" is null
	at br.com.arenacontrole.Campeonato.cadastrarTime(Campeonato.java:44)
	at br.com.arenacontrole.TestesUnitariosYuji.testCT21_BloqueioPlacarNegativoGolsPro(TestesUnitariosYuji.java:45)
	at java.base/java.lang.reflect.Method.invoke(Method.java:580)
	at java.base/java.util.ArrayList.forEach(ArrayList.java:1597)
	at java.base/java.util.ArrayList.forEach(ArrayList.java:1597)
]]></error>
  </testcase>
  <testcase name="testCT25_BloqueioPlacarParcialComentario" classname="br.com.arenacontrole.TestesUnitariosYuji" time="0.004"/>
  <testcase name="testCT27_BloqueioEntradaNaoNumericaComentario" classname="br.com.arenacontrole.TestesUnitariosYuji" time="0.004"/>
  <testcase name="testCadastroValidoSucesso" classname="br.com.arenacontrole.TestesUnitariosYuji" time="0.003">
    <error message="Cannot invoke &quot;java.util.List.stream()&quot; because &quot;this.times&quot; is null" type="java.lang.NullPointerException"><![CDATA[java.lang.NullPointerException: Cannot invoke "java.util.List.stream()" because "this.times" is null
	at br.com.arenacontrole.Campeonato.cadastrarTime(Campeonato.java:44)
	at br.com.arenacontrole.TestesUnitariosYuji.testCadastroValidoSucesso(TestesUnitariosYuji.java:376)
	at java.base/java.lang.reflect.Method.invoke(Method.java:580)
	at java.base/java.util.ArrayList.forEach(ArrayList.java:1597)
	at java.base/java.util.ArrayList.forEach(ArrayList.java:1597)
]]></error>
  </testcase>
  <testcase name="testRegistroValidoPartida" classname="br.com.arenacontrole.TestesUnitariosYuji" time="0.002">
    <error message="Cannot invoke &quot;java.util.List.stream()&quot; because &quot;this.times&quot; is null" type="java.lang.NullPointerException"><![CDATA[java.lang.NullPointerException: Cannot invoke "java.util.List.stream()" because "this.times" is null
	at br.com.arenacontrole.Campeonato.cadastrarTime(Campeonato.java:44)
	at br.com.arenacontrole.TestesUnitariosYuji.testRegistroValidoPartida(TestesUnitariosYuji.java:396)
	at java.base/java.lang.reflect.Method.invoke(Method.java:580)
	at java.base/java.util.ArrayList.forEach(ArrayList.java:1597)
	at java.base/java.util.ArrayList.forEach(ArrayList.java:1597)
]]></error>
  </testcase>
  <testcase name="testCT29_BloqueioCadastroNoMeioComentario" classname="br.com.arenacontrole.TestesUnitariosYuji" time="0.001">
    <error message="Cannot invoke &quot;java.util.List.stream()&quot; because &quot;this.times&quot; is null" type="java.lang.NullPointerException"><![CDATA[java.lang.NullPointerException: Cannot invoke "java.util.List.stream()" because "this.times" is null
	at br.com.arenacontrole.Campeonato.cadastrarTime(Campeonato.java:44)
	at br.com.arenacontrole.TestesUnitariosYuji.testCT29_BloqueioCadastroNoMeioComentario(TestesUnitariosYuji.java:264)
	at java.base/java.lang.reflect.Method.invoke(Method.java:580)
	at java.base/java.util.ArrayList.forEach(ArrayList.java:1597)
	at java.base/java.util.ArrayList.forEach(ArrayList.java:1597)
]]></error>
  </testcase>
  <testcase name="testCT30_BloqueioCartoesMultiplosFaltandoComentario" classname="br.com.arenacontrole.TestesUnitariosYuji" time="0.001"/>
  <testcase name="testBloqueioGolsContraNegativos" classname="br.com.arenacontrole.TestesUnitariosYuji" time="0.002">
    <error message="Cannot invoke &quot;java.util.List.stream()&quot; because &quot;this.times&quot; is null" type="java.lang.NullPointerException"><![CDATA[java.lang.NullPointerException: Cannot invoke "java.util.List.stream()" because "this.times" is null
	at br.com.arenacontrole.Campeonato.cadastrarTime(Campeonato.java:44)
	at br.com.arenacontrole.TestesUnitariosYuji.testBloqueioGolsContraNegativos(TestesUnitariosYuji.java:321)
	at java.base/java.lang.reflect.Method.invoke(Method.java:580)
	at java.base/java.util.ArrayList.forEach(ArrayList.java:1597)
	at java.base/java.util.ArrayList.forEach(ArrayList.java:1597)
]]></error>
  </testcase>
  <testcase name="testCT28_ValidacaoCadastroAbreviaturaComEspaco" classname="br.com.arenacontrole.TestesUnitariosYuji" time="0.002">
    <failure message="Unexpected exception type thrown, expected: &lt;java.lang.IllegalArgumentException&gt; but was: &lt;java.lang.NullPointerException&gt;" type="org.opentest4j.AssertionFailedError"><![CDATA[org.opentest4j.AssertionFailedError: Unexpected exception type thrown, expected: <java.lang.IllegalArgumentException> but was: <java.lang.NullPointerException>
	at org.junit.jupiter.api.AssertionFailureBuilder.build(AssertionFailureBuilder.java:151)
	at org.junit.jupiter.api.AssertThrows.assertThrows(AssertThrows.java:67)
	at org.junit.jupiter.api.AssertThrows.assertThrows(AssertThrows.java:35)
	at org.junit.jupiter.api.Assertions.assertThrows(Assertions.java:3115)
	at br.com.arenacontrole.TestesUnitariosYuji.testCT28_ValidacaoCadastroAbreviaturaComEspaco(TestesUnitariosYuji.java:240)
	at java.base/java.lang.reflect.Method.invoke(Method.java:580)
	at java.base/java.util.ArrayList.forEach(ArrayList.java:1597)
	at java.base/java.util.ArrayList.forEach(ArrayList.java:1597)
Caused by: java.lang.NullPointerException: Cannot invoke "java.util.List.stream()" because "this.times" is null
	at br.com.arenacontrole.Campeonato.cadastrarTime(Campeonato.java:44)
	at br.com.arenacontrole.TestesUnitariosYuji.lambda$testCT28_ValidacaoCadastroAbreviaturaComEspaco$5(TestesUnitariosYuji.java:241)
	at org.junit.jupiter.api.AssertThrows.assertThrows(AssertThrows.java:53)
	... 6 more
]]></failure>
  </testcase>
  <testcase name="testCT26_BloqueioPlacarParcialCartoesComentario" classname="br.com.arenacontrole.TestesUnitariosYuji" time="0.001"/>
  <testcase name="testCT22_BloqueioPlacarNegativoCartoesAmarelos" classname="br.com.arenacontrole.TestesUnitariosYuji" time="0.002">
    <error message="Cannot invoke &quot;java.util.List.stream()&quot; because &quot;this.times&quot; is null" type="java.lang.NullPointerException"><![CDATA[java.lang.NullPointerException: Cannot invoke "java.util.List.stream()" because "this.times" is null
	at br.com.arenacontrole.Campeonato.cadastrarTime(Campeonato.java:44)
	at br.com.arenacontrole.TestesUnitariosYuji.testCT22_BloqueioPlacarNegativoCartoesAmarelos(TestesUnitariosYuji.java:75)
	at java.base/java.lang.reflect.Method.invoke(Method.java:580)
	at java.base/java.util.ArrayList.forEach(ArrayList.java:1597)
	at java.base/java.util.ArrayList.forEach(ArrayList.java:1597)
]]></error>
  </testcase>
  <testcase name="testValidacaoCadastroNomeApenasEspacos" classname="br.com.arenacontrole.TestesUnitariosYuji" time="0.003">
    <failure message="Unexpected exception type thrown, expected: &lt;java.lang.IllegalArgumentException&gt; but was: &lt;java.lang.NullPointerException&gt;" type="org.opentest4j.AssertionFailedError"><![CDATA[org.opentest4j.AssertionFailedError: Unexpected exception type thrown, expected: <java.lang.IllegalArgumentException> but was: <java.lang.NullPointerException>
	at org.junit.jupiter.api.AssertionFailureBuilder.build(AssertionFailureBuilder.java:151)
	at org.junit.jupiter.api.AssertThrows.assertThrows(AssertThrows.java:67)
	at org.junit.jupiter.api.AssertThrows.assertThrows(AssertThrows.java:35)
	at org.junit.jupiter.api.Assertions.assertThrows(Assertions.java:3115)
	at br.com.arenacontrole.TestesUnitariosYuji.testValidacaoCadastroNomeApenasEspacos(TestesUnitariosYuji.java:160)
	at java.base/java.lang.reflect.Method.invoke(Method.java:580)
	at java.base/java.util.ArrayList.forEach(ArrayList.java:1597)
	at java.base/java.util.ArrayList.forEach(ArrayList.java:1597)
Caused by: java.lang.NullPointerException: Cannot invoke "java.util.List.stream()" because "this.times" is null
	at br.com.arenacontrole.Campeonato.cadastrarTime(Campeonato.java:44)
	at br.com.arenacontrole.TestesUnitariosYuji.lambda$testValidacaoCadastroNomeApenasEspacos$4(TestesUnitariosYuji.java:161)
	at org.junit.jupiter.api.AssertThrows.assertThrows(AssertThrows.java:53)
	... 6 more
]]></failure>
  </testcase>
  <testcase name="testBloqueioCartoesVermelhosNegativos" classname="br.com.arenacontrole.TestesUnitariosYuji" time="0.002">
    <error message="Cannot invoke &quot;java.util.List.stream()&quot; because &quot;this.times&quot; is null" type="java.lang.NullPointerException"><![CDATA[java.lang.NullPointerException: Cannot invoke "java.util.List.stream()" because "this.times" is null
	at br.com.arenacontrole.Campeonato.cadastrarTime(Campeonato.java:44)
	at br.com.arenacontrole.TestesUnitariosYuji.testBloqueioCartoesVermelhosNegativos(TestesUnitariosYuji.java:301)
	at java.base/java.lang.reflect.Method.invoke(Method.java:580)
	at java.base/java.util.ArrayList.forEach(ArrayList.java:1597)
	at java.base/java.util.ArrayList.forEach(ArrayList.java:1597)
]]></error>
  </testcase>
  <testcase name="testValidacaoCadastroAbreviaturaNull" classname="br.com.arenacontrole.TestesUnitariosYuji" time="0.004">
    <failure message="Unexpected exception type thrown, expected: &lt;java.lang.IllegalArgumentException&gt; but was: &lt;java.lang.NullPointerException&gt;" type="org.opentest4j.AssertionFailedError"><![CDATA[org.opentest4j.AssertionFailedError: Unexpected exception type thrown, expected: <java.lang.IllegalArgumentException> but was: <java.lang.NullPointerException>
	at org.junit.jupiter.api.AssertionFailureBuilder.build(AssertionFailureBuilder.java:151)
	at org.junit.jupiter.api.AssertThrows.assertThrows(AssertThrows.java:67)
	at org.junit.jupiter.api.AssertThrows.assertThrows(AssertThrows.java:35)
	at org.junit.jupiter.api.Assertions.assertThrows(Assertions.java:3115)
	at br.com.arenacontrole.TestesUnitariosYuji.testValidacaoCadastroAbreviaturaNull(TestesUnitariosYuji.java:351)
	at java.base/java.lang.reflect.Method.invoke(Method.java:580)
	at java.base/java.util.ArrayList.forEach(ArrayList.java:1597)
	at java.base/java.util.ArrayList.forEach(ArrayList.java:1597)
Caused by: java.lang.NullPointerException: Cannot invoke "java.util.List.stream()" because "this.times" is null
	at br.com.arenacontrole.Campeonato.cadastrarTime(Campeonato.java:44)
	at br.com.arenacontrole.TestesUnitariosYuji.lambda$testValidacaoCadastroAbreviaturaNull$9(TestesUnitariosYuji.java:352)
	at org.junit.jupiter.api.AssertThrows.assertThrows(AssertThrows.java:53)
	... 6 more
]]></failure>
  </testcase>
  <testcase name="testValidacaoCadastroNomeNull" classname="br.com.arenacontrole.TestesUnitariosYuji" time="0.004">
    <failure message="Unexpected exception type thrown, expected: &lt;java.lang.IllegalArgumentException&gt; but was: &lt;java.lang.NullPointerException&gt;" type="org.opentest4j.AssertionFailedError"><![CDATA[org.opentest4j.AssertionFailedError: Unexpected exception type thrown, expected: <java.lang.IllegalArgumentException> but was: <java.lang.NullPointerException>
	at org.junit.jupiter.api.AssertionFailureBuilder.build(AssertionFailureBuilder.java:151)
	at org.junit.jupiter.api.AssertThrows.assertThrows(AssertThrows.java:67)
	at org.junit.jupiter.api.AssertThrows.assertThrows(AssertThrows.java:35)
	at org.junit.jupiter.api.Assertions.assertThrows(Assertions.java:3115)
	at br.com.arenacontrole.TestesUnitariosYuji.testValidacaoCadastroNomeNull(TestesUnitariosYuji.java:339)
	at java.base/java.lang.reflect.Method.invoke(Method.java:580)
	at java.base/java.util.ArrayList.forEach(ArrayList.java:1597)
	at java.base/java.util.ArrayList.forEach(ArrayList.java:1597)
Caused by: java.lang.NullPointerException: Cannot invoke "java.util.List.stream()" because "this.times" is null
	at br.com.arenacontrole.Campeonato.cadastrarTime(Campeonato.java:44)
	at br.com.arenacontrole.TestesUnitariosYuji.lambda$testValidacaoCadastroNomeNull$8(TestesUnitariosYuji.java:340)
	at org.junit.jupiter.api.AssertThrows.assertThrows(AssertThrows.java:53)
	... 6 more
]]></failure>
  </testcase>
</testsuite>