<?xml version="1.0" encoding="UTF-8"?>
<testsuite xmlns:xsi="http://www.w3.org/2001/XMLSchema-instance" xsi:noNamespaceSchemaLocation="https://maven.apache.org/surefire/maven-surefire-plugin/xsd/surefire-test-report-3.0.xsd" version="3.0" name="br.com.arenacontrole.TestesUnitariosManuela" time="0.045" tests="10" errors="10" skipped="0" failures="0">
  <properties>
[...]
</properties>
  <testcase name="testCT16_DesempatePorCartoes" classname="br.com.arenacontrole.TestesUnitariosManuela" time="0.002">
    <error message="Cannot invoke &quot;java.util.List.stream()&quot; because &quot;this.times&quot; is null" type="java.lang.NullPointerException"><![CDATA[java.lang.NullPointerException: Cannot invoke "java.util.List.stream()" because "this.times" is null
	at br.com.arenacontrole.Campeonato.cadastrarTime(Campeonato.java:44)
	at br.com.arenacontrole.TestesUnitariosManuela.testCT16_DesempatePorCartoes(TestesUnitariosManuela.java:211)
	at java.base/java.lang.reflect.Method.invoke(Method.java:580)
	at java.base/java.util.ArrayList.forEach(ArrayList.java:1597)
	at java.base/java.util.ArrayList.forEach(ArrayList.java:1597)
]]></error>
  </testcase>
  <testcase name="testCT20_BloqueioRemocaoTimeComPartidas" classname="br.com.arenacontrole.TestesUnitariosManuela" time="0.002">
    <error message="Cannot invoke &quot;java.util.List.stream()&quot; because &quot;this.times&quot; is null" type="java.lang.NullPointerException"><![CDATA[java.lang.NullPointerException: Cannot invoke "java.util.List.stream()" because "this.times" is null
	at br.com.arenacontrole.Campeonato.cadastrarTime(Campeonato.java:44)
	at br.com.arenacontrole.TestesUnitariosManuela.testCT20_BloqueioRemocaoTimeComPartidas(TestesUnitariosManuela.java:304)
	at java.base/java.lang.reflect.Method.invoke(Method.java:580)
	at java.base/java.util.ArrayList.forEach(ArrayList.java:1597)
	at java.base/java.util.ArrayList.forEach(ArrayList.java:1597)
]]></error>
  </testcase>
  <testcase name="testCT14_DesempatePorSaldoDeGols" classname="br.com.arenacontrole.TestesUnitariosManuela" time="0.003">
    <error message="Cannot invoke &quot;java.util.List.stream()&quot; because &quot;this.times&quot; is null" type="java.lang.NullPointerException"><![CDATA[java.lang.NullPointerException: Cannot invoke "java.util.List.stream()" because "this.times" is null
	at br.com.arenacontrole.Campeonato.cadastrarTime(Campeonato.java:44)
	at br.com.arenacontrole.TestesUnitariosManuela.testCT14_DesempatePorSaldoDeGols(TestesUnitariosManuela.java:145)
	at java.base/java.lang.reflect.Method.invoke(Method.java:580)
	at java.base/java.util.ArrayList.forEach(ArrayList.java:1597)
	at java.base/java.util.ArrayList.forEach(ArrayList.java:1597)
]]></error>
  </testcase>
  <testcase name="testCT13_DesempatePorVitorias" classname="br.com.arenacontrole.TestesUnitariosManuela" time="0.002">
    <error message="Cannot invoke &quot;java.util.List.stream()&quot; because &quot;this.times&quot; is null" type="java.lang.NullPointerException"><![CDATA[java.lang.NullPointerException: Cannot invoke "java.util.List.stream()" because "this.times" is null
	at br.com.arenacontrole.Campeonato.cadastrarTime(Campeonato.java:44)
	at br.com.arenacontrole.TestesUnitariosManuela.testCT13_DesempatePorVitorias(TestesUnitariosManuela.java:109)
	at java.base/java.lang.reflect.Method.invoke(Method.java:580)
	at java.base/java.util.ArrayList.forEach(ArrayList.java:1597)
	at java.base/java.util.ArrayList.forEach(ArrayList.java:1597)
]]></error>
  </testcase>
  <testcase name="testCT17_EditarResultadoVitoriaParaDerrota" classname="br.com.arenacontrole.TestesUnitariosManuela" time="0.002">
    <error message="Cannot invoke &quot;java.util.List.stream()&quot; because &quot;this.times&quot; is null" type="java.lang.NullPointerException"><![CDATA[java.lang.NullPointerException: Cannot invoke "java.util.List.stream()" because "this.times" is null
	at br.com.arenacontrole.Campeonato.cadastrarTime(Campeonato.java:44)
	at br.com.arenacontrole.TestesUnitariosManuela.testCT17_EditarResultadoVitoriaParaDerrota(TestesUnitariosManuela.java:246)
	at java.base/java.lang.reflect.Method.invoke(Method.java:580)
	at java.base/java.util.ArrayList.forEach(ArrayList.java:1597)
	at java.base/java.util.ArrayList.forEach(ArrayList.java:1597)
]]></error>
  </testcase>
  <testcase name="testCT12_OrdenacaoPorPontos" classname="br.com.arenacontrole.TestesUnitariosManuela" time="0.003">
    <error message="Cannot invoke &quot;java.util.List.stream()&quot; because &quot;this.times&quot; is null" type="java.lang.NullPointerException"><![CDATA[java.lang.NullPointerException: Cannot invoke "java.util.List.stream()" because "this.times" is null
	at br.com.arenacontrole.Campeonato.cadastrarTime(Campeonato.java:44)
	at br.com.arenacontrole.TestesUnitariosManuela.testCT12_OrdenacaoPorPontos(TestesUnitariosManuela.java:71)
	at java.base/java.lang.reflect.Method.invoke(Method.java:580)
	at java.base/java.util.ArrayList.forEach(ArrayList.java:1597)
	at java.base/java.util.ArrayList.forEach(ArrayList.java:1597)
]]></error>
  </testcase>
  <testcase name="testCT11_ExibicaoTabelaSimples" classname="br.com.arenacontrole.TestesUnitariosManuela" time="0.002">
    <error message="Cannot invoke &quot;java.util.List.stream()&quot; because &quot;this.times&quot; is null" type="java.lang.NullPointerException"><![CDATA[java.lang.NullPointerException: Cannot invoke "java.util.List.stream()" because "this.times" is null
	at br.com.arenacontrole.Campeonato.cadastrarTime(Campeonato.java:44)
	at br.com.arenacontrole.TestesUnitariosManuela.testCT11_ExibicaoTabelaSimples(TestesUnitariosManuela.java:25)
	at java.base/java.lang.reflect.Method.invoke(Method.java:580)
	at java.base/java.util.ArrayList.forEach(ArrayList.java:1597)
	at java.base/java.util.ArrayList.forEach(ArrayList.java:1597)
]]></error>
  </testcase>
  <testcase name="testCT18_EditarResultadoComCartoes" classname="br.com.arenacontrole.TestesUnitariosManuela" time="0.002">
    <error message="Cannot invoke &quot;java.util.List.stream()&quot; because &quot;this.times&quot; is null" type="java.lang.NullPointerException"><![CDATA[java.lang.NullPointerException: Cannot invoke "java.util.List.stream()" because "this.times" is null
	at br.com.arenacontrole.Campeonato.cadastrarTime(Campeonato.java:44)
	at br.com.arenacontrole.TestesUnitariosManuela.testCT18_EditarResultadoComCartoes(TestesUnitariosManuela.java:268)
	at java.base/java.lang.reflect.Method.invoke(Method.java:580)
	at java.base/java.util.ArrayList.forEach(ArrayList.java:1597)
	at java.base/java.util.ArrayList.forEach(ArrayList.java:1597)
]]></error>
  </testcase>
  <testcase name="testCT15_DesempatePorGolsPro" classname="br.com.arenacontrole.TestesUnitariosManuela" time="0.003">
    <error message="Cannot invoke &quot;java.util.List.stream()&quot; because &quot;this.times&quot; is null" type="java.lang.NullPointerException"><![CDATA[java.lang.NullPointerException: Cannot invoke "java.util.List.stream()" because "this.times" is null
	at br.com.arenacontrole.Campeonato.cadastrarTime(Campeonato.java:44)
	at br.com.arenacontrole.TestesUnitariosManuela.testCT15_DesempatePorGolsPro(TestesUnitariosManuela.java:177)
	at java.base/java.lang.reflect.Method.invoke(Method.java:580)
	at java.base/java.util.ArrayList.forEach(ArrayList.java:1597)
	at java.base/java.util.ArrayList.forEach(ArrayList.java:1597)
]]></error>
  </testcase>
  <testcase name="testCT19_RemocaoTimeComSucesso" classname="br.com.arenacontrole.TestesUnitariosManuela" time="0.005">
    <error message="Cannot invoke &quot;java.util.List.stream()&quot; because &quot;this.times&quot; is null" type="java.lang.NullPointerException"><![CDATA[java.lang.NullPointerException: Cannot invoke "java.util.List.stream()" because "this.times" is null
	at br.com.arenacontrole.Campeonato.cadastrarTime(Campeonato.java:44)
	at br.com.arenacontrole.TestesUnitariosManuela.testCT19_RemocaoTimeComSucesso(TestesUnitariosManuela.java:288)
	at java.base/java.lang.reflect.Method.invoke(Method.java:580)
	at java.base/java.util.ArrayList.forEach(ArrayList.java:1597)
	at java.base/java.util.ArrayList.forEach(ArrayList.java:1597)
]]></error>
  </testcase>
</testsuite>