<?xml version="1.0" encoding="UTF-8"?>
<testsuite xmlns:xsi="http://www.w3.org/2001/XMLSchema-instance" xsi:noNamespaceSchemaLocation="https://maven.apache.org/surefire/maven-surefire-plugin/xsd/surefire-test-report-3.0.xsd" version="3.0" name="br.com.arenacontrole.TestesIntegracaoCaio" time="1.004" tests="4" errors="0" skipped="0" failures="0">
  <properties>
[...]
</properties>
  <testcase name="testCT54_BloqueiosCadastroTimesNoMeioBD" classname="br.com.arenacontrole.TestesIntegracaoCaio" time="0.607">
    <system-err><![CDATA[[main] INFO com.zaxxer.hikari.HikariDataSource - cbf-hikari-pool - Starting...
[main] INFO com.zaxxer.hikari.pool.HikariPool - cbf-hikari-pool - Added connection org.postgresql.jdbc.PgConnection@5f9edf14
[main] INFO com.zaxxer.hikari.HikariDataSource - cbf-hikari-pool - Start completed.
]]></system-err>
  </testcase>
  <testcase name="testCT56_MensagemTabelaCompleta" classname="br.com.arenacontrole.TestesIntegracaoCaio" time="0.135">
    <system-err><![CDATA[[main] INFO com.zaxxer.hikari.HikariDataSource - cbf-hikari-pool - Starting...
[main] INFO com.zaxxer.hikari.pool.HikariPool - cbf-hikari-pool - Added connection org.postgresql.jdbc.PgConnection@1787bc24
[main] INFO com.zaxxer.hikari.HikariDataSource - cbf-hikari-pool - Start completed.
]]></system-err>
  </testcase>
  <testcase name="testCT53_CalculoTotalGolsConsultaIntegrada" classname="br.com.arenacontrole.TestesIntegracaoCaio" time="0.12">
    <system-err><![CDATA[[main] INFO com.zaxxer.hikari.HikariDataSource - cbf-hikari-pool - Starting...
[main] INFO com.zaxxer.hikari.pool.HikariPool - cbf-hikari-pool - Added connection org.postgresql.jdbc.PgConnection@79c97cb
[main] INFO com.zaxxer.hikari.HikariDataSource - cbf-hikari-pool - Start completed.
]]></system-err>
  </testcase>
  <testcase name="testCT55_BloqueioTimesImparesValidacaoBD" classname="br.com.arenacontrole.TestesIntegracaoCaio" time="0.087">
    <system-err><![CDATA[[main] INFO com.zaxxer.hikari.HikariDataSource - cbf-hikari-pool - Starting...
[main] INFO com.zaxxer.hikari.pool.HikariPool - cbf-hikari-pool - Added connection org.postgresql.jdbc.PgConnection@704deff2
[main] INFO com.zaxxer.hikari.HikariDataSource - cbf-hikari-pool - Start completed.
]]></system-err>
  </testcase>
</testsuite>